<?xml version="1.0" encoding="UTF-8"?>
<!-- Generated by org.testng.reporters.JUnitReportReporter -->
<testsuite name="charter9.MyCookiesForPost" tests="2" time="0.184" ignored="0" failures="0" timestamp="08 六月 2018 10:34:57 GMT" skipped="0" hostname="D0400" errors="0">
  <testcase name="testGetWithCookies" time="0.016" classname="charter9.MyCookiesForPost"/>
  <testcase name="testGetCookies" time="0.168" classname="charter9.MyCookiesForPost"/>
</testsuite> <!-- charter9.MyCookiesForPost -->
