<?xml version="1.0" encoding="UTF-8"?>
<!-- Generated by org.testng.reporters.JUnitReportReporter -->
<testsuite name="charter9.MyHttpClient" tests="1" time="0.484" ignored="0" failures="0" timestamp="08 六月 2018 07:05:41 GMT" skipped="0" hostname="D0400" errors="0">
  <testcase name="test1" time="0.484" classname="charter9.MyHttpClient"/>
</testsuite> <!-- charter9.MyHttpClient -->
