<?xml version="1.0" encoding="UTF-8"?>
<!-- Generated by org.testng.reporters.JUnitReportReporter -->
<testsuite name="charter9.MyCookiesForGet" tests="2" time="0.233" ignored="0" failures="0" timestamp="08 六月 2018 09:52:51 GMT" skipped="0" hostname="D0400" errors="0">
  <testcase name="testGetWithCookies" time="0.012" classname="charter9.MyCookiesForGet"/>
  <testcase name="testGetCookies" time="0.221" classname="charter9.MyCookiesForGet"/>
</testsuite> <!-- charter9.MyCookiesForGet -->
