<?xml version="1.0" encoding="UTF-8"?>
<!-- Generated by org.testng.reporters.JUnitReportReporter -->
<testsuite name="charter5.BasicAnnotationTest" tests="1" time="0.007" ignored="0" failures="0" timestamp="07 六月 2018 10:42:38 GMT" skipped="0" hostname="D0400" errors="0">
  <testcase name="testCase1" time="0.007" classname="charter5.BasicAnnotationTest"/>
</testsuite> <!-- charter5.BasicAnnotationTest -->
