<?xml version="1.0" encoding="UTF-8"?>
<!-- Generated by org.testng.reporters.JUnitReportReporter -->
<testsuite name="charter5.TestDBConnection" tests="2" time="0.005" ignored="0" failures="0" timestamp="07 六月 2018 10:54:20 GMT" skipped="0" hostname="D0400" errors="0">
  <testcase name="runOtherTest1" time="0.004" classname="charter5.TestDBConnection"/>
  <testcase name="runOtherTest2" time="0.001" classname="charter5.TestDBConnection"/>
</testsuite> <!-- charter5.TestDBConnection -->
